# JRE version: 7.0_25-b17
# Java VM: Java HotSpot(TM) 64-Bit Server VM (23.25-b01 mixed mode windows-amd64 compressed oops)
Heap
 PSYoungGen      total 235328K, used 48244K [0x00000007d58b0000, 0x00000007ef890000, 0x0000000800000000)
  eden space 222592K, 15% used [0x00000007d58b0000,0x00000007d7b66a68,0x00000007e3210000)
  from space 12736K, 99% used [0x00000007eec20000,0x00000007ef886888,0x00000007ef890000)
  to   space 42752K, 0% used [0x00000007ea510000,0x00000007ea510000,0x00000007eced0000)
 ParOldGen       total 86976K, used 65991K [0x0000000780a00000, 0x0000000785ef0000, 0x00000007d58b0000)
  object space 86976K, 75% used [0x0000000780a00000,0x0000000784a71cb8,0x0000000785ef0000)
 PSPermGen       total 53312K, used 53121K [0x000000077b800000, 0x000000077ec10000, 0x0000000780a00000)
  object space 53312K, 99% used [0x000000077b800000,0x000000077ebe0518,0x000000077ec10000)
GC Heap History (10 events):
Event: 41.235 GC heap before
{Heap before GC invocations=8 (full 0):
 PSYoungGen      total 143232K, used 143223K [0x00000007d58b0000, 0x00000007e7dd0000, 0x0000000800000000)
  eden space 129088K, 100% used [0x00000007d58b0000,0x00000007dd6c0000,0x00000007dd6c0000)
  from space 14144K, 99% used [0x00000007dd6c0000,0x00000007de48def8,0x00000007de490000)
  to   space 20992K, 0% used [0x00000007e6950000,0x00000007e6950000,0x00000007e7dd0000)
 ParOldGen       total 86976K, used 18097K [0x0000000780a00000, 0x0000000785ef0000, 0x00000007d58b0000)
  object space 86976K, 20% used [0x0000000780a00000,0x0000000781bac6a8,0x0000000785ef0000)
 PSPermGen       total 45824K, used 45805K [0x000000077b800000, 0x000000077e4c0000, 0x0000000780a00000)
  object space 45824K, 99% used [0x000000077b800000,0x000000077e4bb7c0,0x000000077e4c0000)
Event: 41.253 GC heap after
Heap after GC invocations=8 (full 0):
 PSYoungGen      total 275712K, used 20583K [0x00000007d58b0000, 0x00000007e8490000, 0x0000000800000000)
  eden space 254720K, 0% used [0x00000007d58b0000,0x00000007d58b0000,0x00000007e5170000)
  from space 20992K, 98% used [0x00000007e6950000,0x00000007e7d69eb0,0x00000007e7dd0000)
  to   space 24448K, 0% used [0x00000007e5170000,0x00000007e5170000,0x00000007e6950000)
 ParOldGen       total 86976K, used 19405K [0x0000000780a00000, 0x0000000785ef0000, 0x00000007d58b0000)
  object space 86976K, 22% used [0x0000000780a00000,0x0000000781cf36c0,0x0000000785ef0000)
 PSPermGen       total 45824K, used 45805K [0x000000077b800000, 0x000000077e4c0000, 0x0000000780a00000)
  object space 45824K, 99% used [0x000000077b800000,0x000000077e4bb7c0,0x000000077e4c0000)
}
Event: 297.060 GC heap before
{Heap before GC invocations=9 (full 0):
 PSYoungGen      total 275712K, used 275303K [0x00000007d58b0000, 0x00000007e8490000, 0x0000000800000000)
  eden space 254720K, 100% used [0x00000007d58b0000,0x00000007e5170000,0x00000007e5170000)
  from space 20992K, 98% used [0x00000007e6950000,0x00000007e7d69eb0,0x00000007e7dd0000)
  to   space 24448K, 0% used [0x00000007e5170000,0x00000007e5170000,0x00000007e6950000)
 ParOldGen       total 86976K, used 19405K [0x0000000780a00000, 0x0000000785ef0000, 0x00000007d58b0000)
  object space 86976K, 22% used [0x0000000780a00000,0x0000000781cf36c0,0x0000000785ef0000)
 PSPermGen       total 52352K, used 52277K [0x000000077b800000, 0x000000077eb20000, 0x0000000780a00000)
  object space 52352K, 99% used [0x000000077b800000,0x000000077eb0d660,0x000000077eb20000)
Event: 297.092 GC heap after
Heap after GC invocations=9 (full 0):
 PSYoungGen      total 279168K, used 24432K [0x00000007d58b0000, 0x00000007f2890000, 0x0000000800000000)
  eden space 254720K, 0% used [0x00000007d58b0000,0x00000007d58b0000,0x00000007e5170000)
  from space 24448K, 99% used [0x00000007e5170000,0x00000007e694c260,0x00000007e6950000)
  to   space 33728K, 0% used [0x00000007f07a0000,0x00000007f07a0000,0x00000007f2890000)
 ParOldGen       total 86976K, used 32515K [0x0000000780a00000, 0x0000000785ef0000, 0x00000007d58b0000)
  object space 86976K, 37% used [0x0000000780a00000,0x00000007829c0f70,0x0000000785ef0000)
 PSPermGen       total 52352K, used 52277K [0x000000077b800000, 0x000000077eb20000, 0x0000000780a00000)
  object space 52352K, 99% used [0x000000077b800000,0x000000077eb0d660,0x000000077eb20000)
}
Event: 419.021 GC heap before
{Heap before GC invocations=10 (full 0):
 PSYoungGen      total 279168K, used 279152K [0x00000007d58b0000, 0x00000007f2890000, 0x0000000800000000)
  eden space 254720K, 100% used [0x00000007d58b0000,0x00000007e5170000,0x00000007e5170000)
  from space 24448K, 99% used [0x00000007e5170000,0x00000007e694c260,0x00000007e6950000)
  to   space 33728K, 0% used [0x00000007f07a0000,0x00000007f07a0000,0x00000007f2890000)
 ParOldGen       total 86976K, used 32515K [0x0000000780a00000, 0x0000000785ef0000, 0x00000007d58b0000)
  object space 86976K, 37% used [0x0000000780a00000,0x00000007829c0f70,0x0000000785ef0000)
 PSPermGen       total 52928K, used 52910K [0x000000077b800000, 0x000000077ebb0000, 0x0000000780a00000)
  object space 52928K, 99% used [0x000000077b800000,0x000000077ebab838,0x000000077ebb0000)
Event: 419.065 GC heap after
Heap after GC invocations=10 (full 0):
 PSYoungGen      total 277184K, used 33706K [0x00000007d58b0000, 0x00000007f2890000, 0x0000000800000000)
  eden space 243456K, 0% used [0x00000007d58b0000,0x00000007d58b0000,0x00000007e4670000)
  from space 33728K, 99% used [0x00000007f07a0000,0x00000007f288aab8,0x00000007f2890000)
  to   space 43904K, 0% used [0x00000007ed2d0000,0x00000007ed2d0000,0x00000007efdb0000)
 ParOldGen       total 86976K, used 45418K [0x0000000780a00000, 0x0000000785ef0000, 0x00000007d58b0000)
  object space 86976K, 52% used [0x0000000780a00000,0x000000078365aa60,0x0000000785ef0000)
 PSPermGen       total 52928K, used 52910K [0x000000077b800000, 0x000000077ebb0000, 0x0000000780a00000)
  object space 52928K, 99% used [0x000000077b800000,0x000000077ebab838,0x000000077ebb0000)
}
Event: 482.737 GC heap before
{Heap before GC invocations=11 (full 0):
 PSYoungGen      total 277184K, used 277162K [0x00000007d58b0000, 0x00000007f2890000, 0x0000000800000000)
  eden space 243456K, 100% used [0x00000007d58b0000,0x00000007e4670000,0x00000007e4670000)
  from space 33728K, 99% used [0x00000007f07a0000,0x00000007f288aab8,0x00000007f2890000)
  to   space 43904K, 0% used [0x00000007ed2d0000,0x00000007ed2d0000,0x00000007efdb0000)
 ParOldGen       total 86976K, used 45418K [0x0000000780a00000, 0x0000000785ef0000, 0x00000007d58b0000)
  object space 86976K, 52% used [0x0000000780a00000,0x000000078365aa60,0x0000000785ef0000)
 PSPermGen       total 53120K, used 53045K [0x000000077b800000, 0x000000077ebe0000, 0x0000000780a00000)
  object space 53120K, 99% used [0x000000077b800000,0x000000077ebcd598,0x000000077ebe0000)
Event: 482.763 GC heap after
Heap after GC invocations=11 (full 0):
 PSYoungGen      total 258688K, used 25915K [0x00000007d58b0000, 0x00000007f07b0000, 0x0000000800000000)
  eden space 232768K, 0% used [0x00000007d58b0000,0x00000007d58b0000,0x00000007e3c00000)
  from space 25920K, 99% used [0x00000007ed2d0000,0x00000007eec1ee20,0x00000007eec20000)
  to   space 28224K, 0% used [0x00000007eec20000,0x00000007eec20000,0x00000007f07b0000)
 ParOldGen       total 86976K, used 63587K [0x0000000780a00000, 0x0000000785ef0000, 0x00000007d58b0000)
  object space 86976K, 73% used [0x0000000780a00000,0x0000000784818c78,0x0000000785ef0000)
 PSPermGen       total 53120K, used 53045K [0x000000077b800000, 0x000000077ebe0000, 0x0000000780a00000)
  object space 53120K, 99% used [0x000000077b800000,0x000000077ebcd598,0x000000077ebe0000)
}
Event: 533.850 GC heap before
{Heap before GC invocations=12 (full 0):
 PSYoungGen      total 258688K, used 256757K [0x00000007d58b0000, 0x00000007f07b0000, 0x0000000800000000)
  eden space 232768K, 99% used [0x00000007d58b0000,0x00000007e3a1e9b8,0x00000007e3c00000)
  from space 25920K, 99% used [0x00000007ed2d0000,0x00000007eec1ee20,0x00000007eec20000)
  to   space 28224K, 0% used [0x00000007eec20000,0x00000007eec20000,0x00000007f07b0000)
 ParOldGen       total 86976K, used 63587K [0x0000000780a00000, 0x0000000785ef0000, 0x00000007d58b0000)
  object space 86976K, 73% used [0x0000000780a00000,0x0000000784818c78,0x0000000785ef0000)
 PSPermGen       total 53312K, used 53120K [0x000000077b800000, 0x000000077ec10000, 0x0000000780a00000)
  object space 53312K, 99% used [0x000000077b800000,0x000000077ebe01d0,0x000000077ec10000)
Event: 533.862 GC heap after
Heap after GC invocations=12 (full 0):
 PSYoungGen      total 235328K, used 12698K [0x00000007d58b0000, 0x00000007ef890000, 0x0000000800000000)
  eden space 222592K, 0% used [0x00000007d58b0000,0x00000007d58b0000,0x00000007e3210000)
  from space 12736K, 99% used [0x00000007eec20000,0x00000007ef886888,0x00000007ef890000)
  to   space 42752K, 0% used [0x00000007ea510000,0x00000007ea510000,0x00000007eced0000)
 ParOldGen       total 86976K, used 65991K [0x0000000780a00000, 0x0000000785ef0000, 0x00000007d58b0000)
  object space 86976K, 75% used [0x0000000780a00000,0x0000000784a71cb8,0x0000000785ef0000)
 PSPermGen       total 53312K, used 53120K [0x000000077b800000, 0x000000077ec10000, 0x0000000780a00000)
  object space 53312K, 99% used [0x000000077b800000,0x000000077ebe01d0,0x000000077ec10000)
}

